<?xml version="1.0" encoding="UTF-8"?>
<robot generator="Robot 5.0.1 (Python 3.10.6 on win32)" generated="20221015 21:00:14.468" rpa="false" schemaversion="3">
<suite id="s1" name="Login" source="C:\vdt2\trade-sticker\tests\login.robot">
<test id="s1-t1" name="Deve logar com sucesso" line="8">
<kw name="Go to login page" library="login">
<kw name="New Browser" library="Browser">
<arg>headless=false</arg>
<tag>BrowserControl</tag>
<tag>Setter</tag>
<doc>Create a new playwright Browser with specified options.</doc>
<msg timestamp="20221015 21:00:16.143" level="INFO">{"browser": "chromium", "headless": false, "devtools": false, "handleSIGHUP": true, "handleSIGINT": true, "handleSIGTERM": true, "slowMo": 0.0, "timeout": 30000.0, "deprecated_pos_args": [], "tracesDir": "C:\\vdt2\\trade-sticker\\.logs\\browser\\traces\\7974ba6e-6b36-498b-8514-1a90dcaeaadb"}</msg>
<msg timestamp="20221015 21:00:16.983" level="INFO">Successfully created browser with options: {"browser":"chromium","headless":false,"devtools":false,"handleSIGHUP":true,"handleSIGINT":true,"handleSIGTERM":true,"slowMo":0,"timeout":30000,"deprecated_pos_args":[],"tracesDir":"C:\\vdt2\\trade-sticker\\.logs\\browser\\traces\\7974ba6e-6b36-498b-8514-1a90dcaeaadb"}</msg>
<status status="PASS" starttime="20221015 21:00:16.143" endtime="20221015 21:00:16.983"/>
</kw>
<kw name="New Page" library="Browser">
<arg>https://trade-sticker-dev.vercel.app</arg>
<tag>BrowserControl</tag>
<tag>Setter</tag>
<doc>Open a new Page.</doc>
<msg timestamp="20221015 21:00:17.930" level="INFO">Successfully initialized new page object and opened url: https://trade-sticker-dev.vercel.app</msg>
<msg timestamp="20221015 21:00:17.931" level="INFO">No context was open. New context was automatically opened when this page is created.</msg>
<status status="PASS" starttime="20221015 21:00:16.983" endtime="20221015 21:00:17.931"/>
</kw>
<status status="PASS" starttime="20221015 21:00:16.143" endtime="20221015 21:00:17.931"/>
</kw>
<kw name="Submit credentials" library="login">
<arg>papito@gmail.com</arg>
<arg>vaibrasil</arg>
<kw name="Fill Text" library="Browser">
<arg>css=input[name=email]</arg>
<arg>${email}</arg>
<tag>PageContent</tag>
<tag>Setter</tag>
<doc>Clears and fills the given ``txt`` into the text field found by ``selector``.</doc>
<msg timestamp="20221015 21:00:17.932" level="INFO">Fills the text 'papito@gmail.com' in the given field.</msg>
<status status="PASS" starttime="20221015 21:00:17.932" endtime="20221015 21:00:17.993"/>
</kw>
<kw name="Fill Text" library="Browser">
<arg>css=input[name=password]</arg>
<arg>${password}</arg>
<tag>PageContent</tag>
<tag>Setter</tag>
<doc>Clears and fills the given ``txt`` into the text field found by ``selector``.</doc>
<msg timestamp="20221015 21:00:17.993" level="INFO">Fills the text 'vaibrasil' in the given field.</msg>
<status status="PASS" starttime="20221015 21:00:17.993" endtime="20221015 21:00:18.016"/>
</kw>
<kw name="Click" library="Browser">
<arg>css=button &gt;&gt; text=Entrar</arg>
<tag>PageContent</tag>
<tag>Setter</tag>
<doc>Simulates mouse click on the element found by ``selector``.</doc>
<status status="PASS" starttime="20221015 21:00:18.016" endtime="20221015 21:00:18.108"/>
</kw>
<status status="PASS" starttime="20221015 21:00:17.931" endtime="20221015 21:00:18.109"/>
</kw>
<kw name="User logged in" library="dash">
<kw name="Get Text" library="Browser">
<arg>css=.header-content strong</arg>
<arg>equal</arg>
<arg>Aquela figurinha incrível a um clique de distância.</arg>
<tag>Assertion</tag>
<tag>Getter</tag>
<tag>PageContent</tag>
<doc>Returns text attribute of the element found by ``selector``.</doc>
<status status="PASS" starttime="20221015 21:00:18.112" endtime="20221015 21:00:18.174"/>
</kw>
<status status="PASS" starttime="20221015 21:00:18.110" endtime="20221015 21:00:18.175"/>
</kw>
<status status="PASS" starttime="20221015 21:00:16.117" endtime="20221015 21:00:18.176"/>
</test>
<test id="s1-t2" name="Não deve logar com senha incorreta" line="14">
<kw name="Go to login page" library="login">
<kw name="New Browser" library="Browser">
<arg>headless=false</arg>
<tag>BrowserControl</tag>
<tag>Setter</tag>
<doc>Create a new playwright Browser with specified options.</doc>
<msg timestamp="20221015 21:00:18.277" level="INFO">{"browser": "chromium", "headless": false, "devtools": false, "handleSIGHUP": true, "handleSIGINT": true, "handleSIGTERM": true, "slowMo": 0.0, "timeout": 30000.0, "deprecated_pos_args": [], "tracesDir": "C:\\vdt2\\trade-sticker\\.logs\\browser\\traces\\a23c9976-f4be-48e7-a05c-3a3cba37ebcd"}</msg>
<msg timestamp="20221015 21:00:18.822" level="INFO">Successfully created browser with options: {"browser":"chromium","headless":false,"devtools":false,"handleSIGHUP":true,"handleSIGINT":true,"handleSIGTERM":true,"slowMo":0,"timeout":30000,"deprecated_pos_args":[],"tracesDir":"C:\\vdt2\\trade-sticker\\.logs\\browser\\traces\\a23c9976-f4be-48e7-a05c-3a3cba37ebcd"}</msg>
<status status="PASS" starttime="20221015 21:00:18.277" endtime="20221015 21:00:18.823"/>
</kw>
<kw name="New Page" library="Browser">
<arg>https://trade-sticker-dev.vercel.app</arg>
<tag>BrowserControl</tag>
<tag>Setter</tag>
<doc>Open a new Page.</doc>
<msg timestamp="20221015 21:00:19.894" level="INFO">Successfully initialized new page object and opened url: https://trade-sticker-dev.vercel.app</msg>
<msg timestamp="20221015 21:00:19.894" level="INFO">No context was open. New context was automatically opened when this page is created.</msg>
<status status="PASS" starttime="20221015 21:00:18.823" endtime="20221015 21:00:19.894"/>
</kw>
<status status="PASS" starttime="20221015 21:00:18.276" endtime="20221015 21:00:19.895"/>
</kw>
<kw name="Go to login page" library="login">
<kw name="New Browser" library="Browser">
<arg>headless=false</arg>
<tag>BrowserControl</tag>
<tag>Setter</tag>
<doc>Create a new playwright Browser with specified options.</doc>
<msg timestamp="20221015 21:00:19.896" level="INFO">{"browser": "chromium", "headless": false, "devtools": false, "handleSIGHUP": true, "handleSIGINT": true, "handleSIGTERM": true, "slowMo": 0.0, "timeout": 30000.0, "deprecated_pos_args": [], "tracesDir": "C:\\vdt2\\trade-sticker\\.logs\\browser\\traces\\4c1db8e4-a6aa-41c2-a397-55f2c18c8875"}</msg>
<msg timestamp="20221015 21:00:20.484" level="INFO">Successfully created browser with options: {"browser":"chromium","headless":false,"devtools":false,"handleSIGHUP":true,"handleSIGINT":true,"handleSIGTERM":true,"slowMo":0,"timeout":30000,"deprecated_pos_args":[],"tracesDir":"C:\\vdt2\\trade-sticker\\.logs\\browser\\traces\\4c1db8e4-a6aa-41c2-a397-55f2c18c8875"}</msg>
<status status="PASS" starttime="20221015 21:00:19.895" endtime="20221015 21:00:20.485"/>
</kw>
<kw name="New Page" library="Browser">
<arg>https://trade-sticker-dev.vercel.app</arg>
<tag>BrowserControl</tag>
<tag>Setter</tag>
<doc>Open a new Page.</doc>
<msg timestamp="20221015 21:00:21.233" level="INFO">Successfully initialized new page object and opened url: https://trade-sticker-dev.vercel.app</msg>
<msg timestamp="20221015 21:00:21.233" level="INFO">No context was open. New context was automatically opened when this page is created.</msg>
<status status="PASS" starttime="20221015 21:00:20.485" endtime="20221015 21:00:21.233"/>
</kw>
<status status="PASS" starttime="20221015 21:00:19.895" endtime="20221015 21:00:21.234"/>
</kw>
<kw name="Submit credentials" library="login">
<arg>papito@gmail.com</arg>
<arg>vaibrasil1</arg>
<kw name="Fill Text" library="Browser">
<arg>css=input[name=email]</arg>
<arg>${email}</arg>
<tag>PageContent</tag>
<tag>Setter</tag>
<doc>Clears and fills the given ``txt`` into the text field found by ``selector``.</doc>
<msg timestamp="20221015 21:00:21.235" level="INFO">Fills the text 'papito@gmail.com' in the given field.</msg>
<status status="PASS" starttime="20221015 21:00:21.235" endtime="20221015 21:00:21.296"/>
</kw>
<kw name="Fill Text" library="Browser">
<arg>css=input[name=password]</arg>
<arg>${password}</arg>
<tag>PageContent</tag>
<tag>Setter</tag>
<doc>Clears and fills the given ``txt`` into the text field found by ``selector``.</doc>
<msg timestamp="20221015 21:00:21.297" level="INFO">Fills the text 'vaibrasil1' in the given field.</msg>
<status status="PASS" starttime="20221015 21:00:21.296" endtime="20221015 21:00:21.320"/>
</kw>
<kw name="Click" library="Browser">
<arg>css=button &gt;&gt; text=Entrar</arg>
<tag>PageContent</tag>
<tag>Setter</tag>
<doc>Simulates mouse click on the element found by ``selector``.</doc>
<status status="PASS" starttime="20221015 21:00:21.321" endtime="20221015 21:00:21.372"/>
</kw>
<status status="PASS" starttime="20221015 21:00:21.235" endtime="20221015 21:00:21.372"/>
</kw>
<kw name="Toast message should be" library="login">
<arg>Credenciais inválidas, tente novamente!</arg>
<kw name="Wait For Elements State" library="Browser">
<arg>css=.Toastify__toast-body div &gt;&gt; text=${expected_message}</arg>
<arg>Visible</arg>
<arg>3</arg>
<tag>PageContent</tag>
<tag>Wait</tag>
<doc>Waits for the element found by ``selector`` to satisfy state option.</doc>
<msg timestamp="20221015 21:00:21.383" level="INFO">Waited for Element with selector css=.Toastify__toast-body div &gt;&gt; text=Credenciais inválidas, tente novamente! at state visible</msg>
<status status="PASS" starttime="20221015 21:00:21.373" endtime="20221015 21:00:21.383"/>
</kw>
<status status="PASS" starttime="20221015 21:00:21.373" endtime="20221015 21:00:21.384"/>
</kw>
<status status="PASS" starttime="20221015 21:00:18.269" endtime="20221015 21:00:21.384"/>
</test>
<doc>Login tests</doc>
<status status="PASS" starttime="20221015 21:00:14.472" endtime="20221015 21:00:21.404"/>
</suite>
<statistics>
<total>
<stat pass="2" fail="0" skip="0">All Tests</stat>
</total>
<tag>
</tag>
<suite>
<stat pass="2" fail="0" skip="0" id="s1" name="Login">Login</stat>
</suite>
</statistics>
<errors>
</errors>
</robot>
