<?xml version="1.0" encoding="UTF-8"?>
<robot generator="Robot 5.0.1 (Python 3.10.6 on win32)" generated="20221022 22:16:10.760" rpa="false" schemaversion="3">
<suite id="s1" name="Tests" source="C:\vdt2\trade-sticker\tests">
<suite id="s1-s1" name="Login" source="C:\vdt2\trade-sticker\tests\login.robot">
<test id="s1-s1-t1" name="Deve logar com sucesso" line="8">
<kw name="Go to login page" library="login">
<kw name="New Browser" library="Browser">
<arg>headless=false</arg>
<tag>BrowserControl</tag>
<tag>Setter</tag>
<doc>Create a new playwright Browser with specified options.</doc>
<msg timestamp="20221022 22:16:11.593" level="INFO">{"browser": "chromium", "headless": false, "devtools": false, "handleSIGHUP": true, "handleSIGINT": true, "handleSIGTERM": true, "slowMo": 0.0, "timeout": 30000.0, "deprecated_pos_args": [], "tracesDir": "C:\\vdt2\\trade-sticker\\logs\\browser\\traces\\8559a7ba-defc-4534-8b7a-f396e4f616c4"}</msg>
<msg timestamp="20221022 22:16:12.101" level="INFO">Successfully created browser with options: {"browser":"chromium","headless":false,"devtools":false,"handleSIGHUP":true,"handleSIGINT":true,"handleSIGTERM":true,"slowMo":0,"timeout":30000,"deprecated_pos_args":[],"tracesDir":"C:\\vdt2\\trade-sticker\\logs\\browser\\traces\\8559a7ba-defc-4534-8b7a-f396e4f616c4"}</msg>
<status status="PASS" starttime="20221022 22:16:11.593" endtime="20221022 22:16:12.101"/>
</kw>
<kw name="New Page" library="Browser">
<arg>https://trade-sticker-dev.vercel.app</arg>
<tag>BrowserControl</tag>
<tag>Setter</tag>
<doc>Open a new Page.</doc>
<msg timestamp="20221022 22:16:13.346" level="INFO">Successfully initialized new page object and opened url: https://trade-sticker-dev.vercel.app</msg>
<msg timestamp="20221022 22:16:13.346" level="INFO">No context was open. New context was automatically opened when this page is created.</msg>
<status status="PASS" starttime="20221022 22:16:12.102" endtime="20221022 22:16:13.346"/>
</kw>
<status status="PASS" starttime="20221022 22:16:11.593" endtime="20221022 22:16:13.346"/>
</kw>
<kw name="Submit credentials" library="login">
<arg>papito@gmail.com</arg>
<arg>vaibrasil</arg>
<kw name="Fill Text" library="Browser">
<arg>css=input[name=email]</arg>
<arg>${email}</arg>
<tag>PageContent</tag>
<tag>Setter</tag>
<doc>Clears and fills the given ``txt`` into the text field found by ``selector``.</doc>
<msg timestamp="20221022 22:16:13.348" level="INFO">Fills the text 'papito@gmail.com' in the given field.</msg>
<status status="PASS" starttime="20221022 22:16:13.348" endtime="20221022 22:16:13.395"/>
</kw>
<kw name="Fill Text" library="Browser">
<arg>css=input[name=password]</arg>
<arg>${password}</arg>
<tag>PageContent</tag>
<tag>Setter</tag>
<doc>Clears and fills the given ``txt`` into the text field found by ``selector``.</doc>
<msg timestamp="20221022 22:16:13.395" level="INFO">Fills the text 'vaibrasil' in the given field.</msg>
<status status="PASS" starttime="20221022 22:16:13.395" endtime="20221022 22:16:13.414"/>
</kw>
<kw name="Click" library="Browser">
<arg>css=button &gt;&gt; text=Entrar</arg>
<tag>PageContent</tag>
<tag>Setter</tag>
<doc>Simulates mouse click on the element found by ``selector``.</doc>
<status status="PASS" starttime="20221022 22:16:13.414" endtime="20221022 22:16:13.471"/>
</kw>
<status status="PASS" starttime="20221022 22:16:13.348" endtime="20221022 22:16:13.471"/>
</kw>
<kw name="User logged in" library="dash1">
<kw name="Get Text" library="Browser">
<arg>css=.header-content strong</arg>
<arg>equal</arg>
<arg>Aquela figurinha incrível a um clique de distância.</arg>
<tag>Assertion</tag>
<tag>Getter</tag>
<tag>PageContent</tag>
<doc>Returns text attribute of the element found by ``selector``.</doc>
<status status="PASS" starttime="20221022 22:16:13.472" endtime="20221022 22:16:13.495"/>
</kw>
<status status="PASS" starttime="20221022 22:16:13.472" endtime="20221022 22:16:13.496"/>
</kw>
<kw name="Take Screenshot" library="Browser">
<tag>PageContent</tag>
<doc>Takes a screenshot of the current window or element and saves it to disk.</doc>
<msg timestamp="20221022 22:16:13.768" level="INFO" html="true">&lt;/td&gt;&lt;/tr&gt;&lt;tr&gt;&lt;td colspan="3"&gt;&lt;a href="browser/screenshot/robotframework-browser-screenshot-1.png"&gt;&lt;img src="browser/screenshot/robotframework-browser-screenshot-1.png" width="800px"&gt;&lt;/a&gt;</msg>
<status status="PASS" starttime="20221022 22:16:13.496" endtime="20221022 22:16:13.768"/>
</kw>
<status status="PASS" starttime="20221022 22:16:11.593" endtime="20221022 22:16:13.769"/>
</test>
<test id="s1-s1-t2" name="Não deve logar com senha incorreta" line="15">
<kw name="Go to login page" library="login">
<kw name="New Browser" library="Browser">
<arg>headless=false</arg>
<tag>BrowserControl</tag>
<tag>Setter</tag>
<doc>Create a new playwright Browser with specified options.</doc>
<msg timestamp="20221022 22:16:13.832" level="INFO">{"browser": "chromium", "headless": false, "devtools": false, "handleSIGHUP": true, "handleSIGINT": true, "handleSIGTERM": true, "slowMo": 0.0, "timeout": 30000.0, "deprecated_pos_args": [], "tracesDir": "C:\\vdt2\\trade-sticker\\logs\\browser\\traces\\d6d4067a-ebbb-4bfc-b906-067404727637"}</msg>
<msg timestamp="20221022 22:16:14.337" level="INFO">Successfully created browser with options: {"browser":"chromium","headless":false,"devtools":false,"handleSIGHUP":true,"handleSIGINT":true,"handleSIGTERM":true,"slowMo":0,"timeout":30000,"deprecated_pos_args":[],"tracesDir":"C:\\vdt2\\trade-sticker\\logs\\browser\\traces\\d6d4067a-ebbb-4bfc-b906-067404727637"}</msg>
<status status="PASS" starttime="20221022 22:16:13.831" endtime="20221022 22:16:14.337"/>
</kw>
<kw name="New Page" library="Browser">
<arg>https://trade-sticker-dev.vercel.app</arg>
<tag>BrowserControl</tag>
<tag>Setter</tag>
<doc>Open a new Page.</doc>
<msg timestamp="20221022 22:16:15.394" level="INFO">Successfully initialized new page object and opened url: https://trade-sticker-dev.vercel.app</msg>
<msg timestamp="20221022 22:16:15.395" level="INFO">No context was open. New context was automatically opened when this page is created.</msg>
<status status="PASS" starttime="20221022 22:16:14.338" endtime="20221022 22:16:15.395"/>
</kw>
<status status="PASS" starttime="20221022 22:16:13.831" endtime="20221022 22:16:15.395"/>
</kw>
<kw name="Go to login page" library="login">
<kw name="New Browser" library="Browser">
<arg>headless=false</arg>
<tag>BrowserControl</tag>
<tag>Setter</tag>
<doc>Create a new playwright Browser with specified options.</doc>
<msg timestamp="20221022 22:16:15.398" level="INFO">{"browser": "chromium", "headless": false, "devtools": false, "handleSIGHUP": true, "handleSIGINT": true, "handleSIGTERM": true, "slowMo": 0.0, "timeout": 30000.0, "deprecated_pos_args": [], "tracesDir": "C:\\vdt2\\trade-sticker\\logs\\browser\\traces\\f6dd24ac-c969-4193-a221-80578c89fe0a"}</msg>
<msg timestamp="20221022 22:16:15.871" level="INFO">Successfully created browser with options: {"browser":"chromium","headless":false,"devtools":false,"handleSIGHUP":true,"handleSIGINT":true,"handleSIGTERM":true,"slowMo":0,"timeout":30000,"deprecated_pos_args":[],"tracesDir":"C:\\vdt2\\trade-sticker\\logs\\browser\\traces\\f6dd24ac-c969-4193-a221-80578c89fe0a"}</msg>
<status status="PASS" starttime="20221022 22:16:15.397" endtime="20221022 22:16:15.872"/>
</kw>
<kw name="New Page" library="Browser">
<arg>https://trade-sticker-dev.vercel.app</arg>
<tag>BrowserControl</tag>
<tag>Setter</tag>
<doc>Open a new Page.</doc>
<msg timestamp="20221022 22:16:16.885" level="INFO">Successfully initialized new page object and opened url: https://trade-sticker-dev.vercel.app</msg>
<msg timestamp="20221022 22:16:16.885" level="INFO">No context was open. New context was automatically opened when this page is created.</msg>
<status status="PASS" starttime="20221022 22:16:15.872" endtime="20221022 22:16:16.886"/>
</kw>
<status status="PASS" starttime="20221022 22:16:15.396" endtime="20221022 22:16:16.886"/>
</kw>
<kw name="Submit credentials" library="login">
<arg>papito@gmail.com</arg>
<arg>vaibrasil1</arg>
<kw name="Fill Text" library="Browser">
<arg>css=input[name=email]</arg>
<arg>${email}</arg>
<tag>PageContent</tag>
<tag>Setter</tag>
<doc>Clears and fills the given ``txt`` into the text field found by ``selector``.</doc>
<msg timestamp="20221022 22:16:16.887" level="INFO">Fills the text 'papito@gmail.com' in the given field.</msg>
<status status="PASS" starttime="20221022 22:16:16.887" endtime="20221022 22:16:16.941"/>
</kw>
<kw name="Fill Text" library="Browser">
<arg>css=input[name=password]</arg>
<arg>${password}</arg>
<tag>PageContent</tag>
<tag>Setter</tag>
<doc>Clears and fills the given ``txt`` into the text field found by ``selector``.</doc>
<msg timestamp="20221022 22:16:16.941" level="INFO">Fills the text 'vaibrasil1' in the given field.</msg>
<status status="PASS" starttime="20221022 22:16:16.941" endtime="20221022 22:16:16.968"/>
</kw>
<kw name="Click" library="Browser">
<arg>css=button &gt;&gt; text=Entrar</arg>
<tag>PageContent</tag>
<tag>Setter</tag>
<doc>Simulates mouse click on the element found by ``selector``.</doc>
<status status="PASS" starttime="20221022 22:16:16.969" endtime="20221022 22:16:17.017"/>
</kw>
<status status="PASS" starttime="20221022 22:16:16.886" endtime="20221022 22:16:17.017"/>
</kw>
<kw name="Toast message should be" library="login">
<arg>Credenciais inválidas, tente novamente!</arg>
<kw name="Wait For Elements State" library="Browser">
<arg>css=.Toastify__toast-body div &gt;&gt; text=${expected_message}</arg>
<arg>Visible</arg>
<arg>3</arg>
<tag>PageContent</tag>
<tag>Wait</tag>
<doc>Waits for the element found by ``selector`` to satisfy state option.</doc>
<msg timestamp="20221022 22:16:17.028" level="INFO">Waited for Element with selector css=.Toastify__toast-body div &gt;&gt; text=Credenciais inválidas, tente novamente! at state visible</msg>
<status status="PASS" starttime="20221022 22:16:17.018" endtime="20221022 22:16:17.029"/>
</kw>
<status status="PASS" starttime="20221022 22:16:17.018" endtime="20221022 22:16:17.029"/>
</kw>
<kw name="Take Screenshot" library="Browser">
<tag>PageContent</tag>
<doc>Takes a screenshot of the current window or element and saves it to disk.</doc>
<msg timestamp="20221022 22:16:17.561" level="INFO" html="true">&lt;/td&gt;&lt;/tr&gt;&lt;tr&gt;&lt;td colspan="3"&gt;&lt;a href="browser/screenshot/robotframework-browser-screenshot-2.png"&gt;&lt;img src="browser/screenshot/robotframework-browser-screenshot-2.png" width="800px"&gt;&lt;/a&gt;</msg>
<status status="PASS" starttime="20221022 22:16:17.029" endtime="20221022 22:16:17.561"/>
</kw>
<status status="PASS" starttime="20221022 22:16:13.827" endtime="20221022 22:16:17.562"/>
</test>
<doc>Login tests</doc>
<status status="PASS" starttime="20221022 22:16:10.797" endtime="20221022 22:16:17.581"/>
</suite>
<suite id="s1-s2" name="Slogan" source="C:\vdt2\trade-sticker\tests\slogan.robot">
<test id="s1-s2-t1" name="Slogan da página principal" line="5">
<kw name="New Browser" library="Browser">
<arg>headless=false</arg>
<tag>BrowserControl</tag>
<tag>Setter</tag>
<doc>Create a new playwright Browser with specified options.</doc>
<msg timestamp="20221022 22:16:17.633" level="INFO">{"browser": "chromium", "headless": false, "devtools": false, "handleSIGHUP": true, "handleSIGINT": true, "handleSIGTERM": true, "slowMo": 0.0, "timeout": 30000.0, "deprecated_pos_args": [], "tracesDir": "C:\\vdt2\\trade-sticker\\logs\\browser\\traces\\32c2a8c6-b796-4417-9034-237425ed2741"}</msg>
<msg timestamp="20221022 22:16:18.159" level="INFO">Successfully created browser with options: {"browser":"chromium","headless":false,"devtools":false,"handleSIGHUP":true,"handleSIGINT":true,"handleSIGTERM":true,"slowMo":0,"timeout":30000,"deprecated_pos_args":[],"tracesDir":"C:\\vdt2\\trade-sticker\\logs\\browser\\traces\\32c2a8c6-b796-4417-9034-237425ed2741"}</msg>
<status status="PASS" starttime="20221022 22:16:17.632" endtime="20221022 22:16:18.159"/>
</kw>
<kw name="New Page" library="Browser">
<arg>https://trade-sticker-dev.vercel.app/</arg>
<tag>BrowserControl</tag>
<tag>Setter</tag>
<doc>Open a new Page.</doc>
<msg timestamp="20221022 22:16:19.174" level="INFO">Successfully initialized new page object and opened url: https://trade-sticker-dev.vercel.app/</msg>
<msg timestamp="20221022 22:16:19.174" level="INFO">No context was open. New context was automatically opened when this page is created.</msg>
<status status="PASS" starttime="20221022 22:16:18.167" endtime="20221022 22:16:19.174"/>
</kw>
<kw name="Get Text" library="Browser">
<arg>.logo-container h2</arg>
<arg>contains</arg>
<arg>Conectando colecionadores de figurinhas da copa.</arg>
<tag>Assertion</tag>
<tag>Getter</tag>
<tag>PageContent</tag>
<doc>Returns text attribute of the element found by ``selector``.</doc>
<status status="PASS" starttime="20221022 22:16:19.175" endtime="20221022 22:16:19.211"/>
</kw>
<kw name="Take Screenshot" library="Browser">
<tag>PageContent</tag>
<doc>Takes a screenshot of the current window or element and saves it to disk.</doc>
<msg timestamp="20221022 22:16:19.823" level="INFO" html="true">&lt;/td&gt;&lt;/tr&gt;&lt;tr&gt;&lt;td colspan="3"&gt;&lt;a href="browser/screenshot/robotframework-browser-screenshot-3.png"&gt;&lt;img src="browser/screenshot/robotframework-browser-screenshot-3.png" width="800px"&gt;&lt;/a&gt;</msg>
<status status="PASS" starttime="20221022 22:16:19.211" endtime="20221022 22:16:19.823"/>
</kw>
<status status="PASS" starttime="20221022 22:16:17.625" endtime="20221022 22:16:19.823"/>
</test>
<status status="PASS" starttime="20221022 22:16:17.595" endtime="20221022 22:16:19.894"/>
</suite>
<suite id="s1-s3" name="Trade" source="C:\vdt2\trade-sticker\tests\trade.robot">
<test id="s1-s3-t1" name="Deve negociar a figurinha Neymar Legend" line="6">
<kw name="Go to login page" library="login">
<kw name="New Browser" library="Browser">
<arg>headless=false</arg>
<tag>BrowserControl</tag>
<tag>Setter</tag>
<doc>Create a new playwright Browser with specified options.</doc>
<msg timestamp="20221022 22:16:19.935" level="INFO">{"browser": "chromium", "headless": false, "devtools": false, "handleSIGHUP": true, "handleSIGINT": true, "handleSIGTERM": true, "slowMo": 0.0, "timeout": 30000.0, "deprecated_pos_args": [], "tracesDir": "C:\\vdt2\\trade-sticker\\logs\\browser\\traces\\28d0f9c7-a820-4c31-b124-7f32a4fcd631"}</msg>
<msg timestamp="20221022 22:16:20.552" level="INFO">Successfully created browser with options: {"browser":"chromium","headless":false,"devtools":false,"handleSIGHUP":true,"handleSIGINT":true,"handleSIGTERM":true,"slowMo":0,"timeout":30000,"deprecated_pos_args":[],"tracesDir":"C:\\vdt2\\trade-sticker\\logs\\browser\\traces\\28d0f9c7-a820-4c31-b124-7f32a4fcd631"}</msg>
<status status="PASS" starttime="20221022 22:16:19.934" endtime="20221022 22:16:20.552"/>
</kw>
<kw name="New Page" library="Browser">
<arg>https://trade-sticker-dev.vercel.app</arg>
<tag>BrowserControl</tag>
<tag>Setter</tag>
<doc>Open a new Page.</doc>
<msg timestamp="20221022 22:16:21.482" level="INFO">Successfully initialized new page object and opened url: https://trade-sticker-dev.vercel.app</msg>
<msg timestamp="20221022 22:16:21.482" level="INFO">No context was open. New context was automatically opened when this page is created.</msg>
<status status="PASS" starttime="20221022 22:16:20.552" endtime="20221022 22:16:21.482"/>
</kw>
<status status="PASS" starttime="20221022 22:16:19.934" endtime="20221022 22:16:21.483"/>
</kw>
<kw name="Submit credentials" library="login">
<arg>papito@gmail.com</arg>
<arg>vaibrasil</arg>
<kw name="Fill Text" library="Browser">
<arg>css=input[name=email]</arg>
<arg>${email}</arg>
<tag>PageContent</tag>
<tag>Setter</tag>
<doc>Clears and fills the given ``txt`` into the text field found by ``selector``.</doc>
<msg timestamp="20221022 22:16:21.484" level="INFO">Fills the text 'papito@gmail.com' in the given field.</msg>
<status status="PASS" starttime="20221022 22:16:21.484" endtime="20221022 22:16:21.570"/>
</kw>
<kw name="Fill Text" library="Browser">
<arg>css=input[name=password]</arg>
<arg>${password}</arg>
<tag>PageContent</tag>
<tag>Setter</tag>
<doc>Clears and fills the given ``txt`` into the text field found by ``selector``.</doc>
<msg timestamp="20221022 22:16:21.571" level="INFO">Fills the text 'vaibrasil' in the given field.</msg>
<status status="PASS" starttime="20221022 22:16:21.570" endtime="20221022 22:16:21.590"/>
</kw>
<kw name="Click" library="Browser">
<arg>css=button &gt;&gt; text=Entrar</arg>
<tag>PageContent</tag>
<tag>Setter</tag>
<doc>Simulates mouse click on the element found by ``selector``.</doc>
<status status="PASS" starttime="20221022 22:16:21.590" endtime="20221022 22:16:21.655"/>
</kw>
<status status="PASS" starttime="20221022 22:16:21.484" endtime="20221022 22:16:21.655"/>
</kw>
<kw name="User logged in" library="dash1">
<kw name="Get Text" library="Browser">
<arg>css=.header-content strong</arg>
<arg>equal</arg>
<arg>Aquela figurinha incrível a um clique de distância.</arg>
<tag>Assertion</tag>
<tag>Getter</tag>
<tag>PageContent</tag>
<doc>Returns text attribute of the element found by ``selector``.</doc>
<status status="PASS" starttime="20221022 22:16:21.656" endtime="20221022 22:16:21.684"/>
</kw>
<status status="PASS" starttime="20221022 22:16:21.656" endtime="20221022 22:16:21.685"/>
</kw>
<kw name="Search User" library="dash1">
<arg>legend</arg>
<kw name="Fill Text" library="Browser">
<arg>input[placeholder^=Busque]</arg>
<arg>${target}</arg>
<tag>PageContent</tag>
<tag>Setter</tag>
<doc>Clears and fills the given ``txt`` into the text field found by ``selector``.</doc>
<msg timestamp="20221022 22:16:21.688" level="INFO">Fills the text 'legend' in the given field.</msg>
<status status="PASS" starttime="20221022 22:16:21.687" endtime="20221022 22:16:21.704"/>
</kw>
<kw name="Click" library="Browser">
<arg>css=button &gt;&gt; text=Buscar</arg>
<tag>PageContent</tag>
<tag>Setter</tag>
<doc>Simulates mouse click on the element found by ``selector``.</doc>
<status status="PASS" starttime="20221022 22:16:21.704" endtime="20221022 22:16:21.742"/>
</kw>
<status status="PASS" starttime="20221022 22:16:21.686" endtime="20221022 22:16:21.743"/>
</kw>
<kw name="Select Sticker" library="dash1">
<arg>Neymar Jr</arg>
<kw name="Click" library="Browser">
<arg>xpath=//img[@alt="${name}"]/..</arg>
<tag>PageContent</tag>
<tag>Setter</tag>
<doc>Simulates mouse click on the element found by ``selector``.</doc>
<status status="PASS" starttime="20221022 22:16:21.743" endtime="20221022 22:16:22.245"/>
</kw>
<status status="PASS" starttime="20221022 22:16:21.743" endtime="20221022 22:16:22.245"/>
</kw>
<kw name="Get In Touch" library="dash1">
<kw name="Click" library="Browser">
<arg>css=button &gt;&gt; text=Entrar em contato</arg>
<tag>PageContent</tag>
<tag>Setter</tag>
<doc>Simulates mouse click on the element found by ``selector``.</doc>
<status status="PASS" starttime="20221022 22:16:22.246" endtime="20221022 22:16:22.317"/>
</kw>
<status status="PASS" starttime="20221022 22:16:22.245" endtime="20221022 22:16:22.317"/>
</kw>
<kw name="Whatsapp Sticket Message" library="dash1">
<arg>Neymar Jr</arg>
<kw name="Set Variable" library="BuiltIn">
<var>${expected_message}</var>
<arg>Oi, achei o seu contato no Trade Sticker. Estou interessado(a) na figurinha do ${sticker_name}, bora negociar?</arg>
<doc>Returns the given values which can then be assigned to a variables.</doc>
<msg timestamp="20221022 22:16:22.322" level="INFO">${expected_message} = Oi, achei o seu contato no Trade Sticker. Estou interessado(a) na figurinha do Neymar Jr, bora negociar?</msg>
<status status="PASS" starttime="20221022 22:16:22.319" endtime="20221022 22:16:22.322"/>
</kw>
<kw name="Switch Page" library="Browser">
<arg>NEW</arg>
<tag>BrowserControl</tag>
<tag>Setter</tag>
<doc>Switches the active browser page to another open page by ``id`` or ``NEW``.</doc>
<msg timestamp="20221022 22:16:22.324" level="INFO">Switching to page NEW,context CURRENT, browser CURRENT</msg>
<msg timestamp="20221022 22:16:22.810" level="INFO">Activated new page page=d13e9adf-cca1-44cf-bf7f-42e9b1d49f1d</msg>
<status status="PASS" starttime="20221022 22:16:22.323" endtime="20221022 22:16:22.810"/>
</kw>
<kw name="Wait For Elements State" library="Browser">
<arg>css=p &gt;&gt; text=${expected_message}</arg>
<arg>visible</arg>
<arg>5000</arg>
<tag>PageContent</tag>
<tag>Wait</tag>
<doc>Waits for the element found by ``selector`` to satisfy state option.</doc>
<msg timestamp="20221022 22:16:23.103" level="INFO">Waited for Element with selector css=p &gt;&gt; text=Oi, achei o seu contato no Trade Sticker. Estou interessado(a) na figurinha do Neymar Jr, bora negociar? at state visible</msg>
<status status="PASS" starttime="20221022 22:16:22.811" endtime="20221022 22:16:23.103"/>
</kw>
<status status="PASS" starttime="20221022 22:16:22.318" endtime="20221022 22:16:23.103"/>
</kw>
<kw name="Take Screenshot" library="Browser">
<tag>PageContent</tag>
<doc>Takes a screenshot of the current window or element and saves it to disk.</doc>
<msg timestamp="20221022 22:16:23.240" level="INFO" html="true">&lt;/td&gt;&lt;/tr&gt;&lt;tr&gt;&lt;td colspan="3"&gt;&lt;a href="browser/screenshot/robotframework-browser-screenshot-4.png"&gt;&lt;img src="browser/screenshot/robotframework-browser-screenshot-4.png" width="800px"&gt;&lt;/a&gt;</msg>
<status status="PASS" starttime="20221022 22:16:23.104" endtime="20221022 22:16:23.240"/>
</kw>
<status status="PASS" starttime="20221022 22:16:19.927" endtime="20221022 22:16:23.241"/>
</test>
<doc>Teste de negociação de figurinhas da copa</doc>
<status status="PASS" starttime="20221022 22:16:19.904" endtime="20221022 22:16:23.342"/>
</suite>
<status status="PASS" starttime="20221022 22:16:10.775" endtime="20221022 22:16:23.357"/>
</suite>
<statistics>
<total>
<stat pass="4" fail="0" skip="0">All Tests</stat>
</total>
<tag>
</tag>
<suite>
<stat pass="4" fail="0" skip="0" id="s1" name="Tests">Tests</stat>
<stat pass="2" fail="0" skip="0" id="s1-s1" name="Login">Tests.Login</stat>
<stat pass="1" fail="0" skip="0" id="s1-s2" name="Slogan">Tests.Slogan</stat>
<stat pass="1" fail="0" skip="0" id="s1-s3" name="Trade">Tests.Trade</stat>
</suite>
</statistics>
<errors>
</errors>
</robot>
